Dec 11, 2025 5:35:22 PM crs.notification.data.StudentTextDatabase loadSimpleStudents
INFO: Loaded simple students from students.txt
Dec 11, 2025 5:35:22 PM crs.notification.data.StudentTextDatabase loadCsvStudents
INFO: Loaded CSV students from students-abood.txt
Dec 11, 2025 5:35:22 PM crs.notification.data.StudentTextDatabase loadLoginUsers
INFO: Loaded users from data/LOGIN.txt
Dec 11, 2025 5:35:22 PM crs.notification.data.StudentTextDatabase loadStudents
INFO: Loaded 109 records from text databases
Dec 11, 2025 5:35:22 PM crs.notification.data.StudentTextDatabase findById
WARNING: Student/user not found for id: 
Dec 11, 2025 5:35:27 PM crs.notification.data.StudentTextDatabase loadSimpleStudents
INFO: Loaded simple students from students.txt
Dec 11, 2025 5:35:27 PM crs.notification.data.StudentTextDatabase loadCsvStudents
INFO: Loaded CSV students from students-abood.txt
Dec 11, 2025 5:35:27 PM crs.notification.data.StudentTextDatabase loadLoginUsers
INFO: Loaded users from data/LOGIN.txt
Dec 11, 2025 5:35:27 PM crs.notification.data.StudentTextDatabase loadStudents
INFO: Loaded 109 records from text databases
Dec 11, 2025 5:35:27 PM crs.notification.data.StudentTextDatabase findById
WARNING: Student/user not found for id: 
Dec 11, 2025 5:36:23 PM crs.notification.data.StudentTextDatabase loadSimpleStudents
INFO: Loaded simple students from students.txt
Dec 11, 2025 5:36:23 PM crs.notification.data.StudentTextDatabase loadCsvStudents
INFO: Loaded CSV students from students-abood.txt
Dec 11, 2025 5:36:23 PM crs.notification.data.StudentTextDatabase loadLoginUsers
INFO: Loaded users from data/LOGIN.txt
Dec 11, 2025 5:36:23 PM crs.notification.data.StudentTextDatabase loadStudents
INFO: Loaded 109 records from text databases
Dec 11, 2025 5:36:23 PM crs.notification.data.StudentTextDatabase findById
WARNING: Student/user not found for id: TP001
Dec 11, 2025 5:36:27 PM crs.notification.data.StudentTextDatabase loadSimpleStudents
INFO: Loaded simple students from students.txt
Dec 11, 2025 5:36:27 PM crs.notification.data.StudentTextDatabase loadCsvStudents
INFO: Loaded CSV students from students-abood.txt
Dec 11, 2025 5:36:27 PM crs.notification.data.StudentTextDatabase loadLoginUsers
INFO: Loaded users from data/LOGIN.txt
Dec 11, 2025 5:36:27 PM crs.notification.data.StudentTextDatabase loadStudents
INFO: Loaded 109 records from text databases
Dec 11, 2025 5:36:27 PM crs.notification.data.StudentTextDatabase lambda$findById$1
INFO: Found student/user: StudentRecord{id='TP003', firstName='Mahrus', lastName='Ahsan', email='msa@gmail.com', program='04fef4a7323d2fcbada6391889ce7e6249e0cb110a2f392dfde5d430c348c3e9', year='null', role='ADMIN', username='msa'}
Dec 11, 2025 5:36:34 PM crs.notification.data.StudentTextDatabase loadSimpleStudents
INFO: Loaded simple students from students.txt
Dec 11, 2025 5:36:34 PM crs.notification.data.StudentTextDatabase loadCsvStudents
INFO: Loaded CSV students from students-abood.txt
Dec 11, 2025 5:36:34 PM crs.notification.data.StudentTextDatabase loadLoginUsers
INFO: Loaded users from data/LOGIN.txt
Dec 11, 2025 5:36:34 PM crs.notification.data.StudentTextDatabase loadStudents
INFO: Loaded 109 records from text databases
Dec 11, 2025 5:36:34 PM crs.notification.data.StudentTextDatabase lambda$findById$1
INFO: Found student/user: StudentRecord{id='TP002', firstName='Mohammed', lastName='Yousef', email='hajji@gmail.com', program='CYBERSECURITY', year='SECOND YEAR', role='STUDENT', username='jumaah'}
Dec 11, 2025 5:36:36 PM crs.notification.data.StudentTextDatabase loadSimpleStudents
INFO: Loaded simple students from students.txt
Dec 11, 2025 5:36:36 PM crs.notification.data.StudentTextDatabase loadCsvStudents
INFO: Loaded CSV students from students-abood.txt
Dec 11, 2025 5:36:36 PM crs.notification.data.StudentTextDatabase loadLoginUsers
INFO: Loaded users from data/LOGIN.txt
Dec 11, 2025 5:36:36 PM crs.notification.data.StudentTextDatabase loadStudents
INFO: Loaded 109 records from text databases
Dec 11, 2025 5:36:36 PM crs.notification.data.StudentTextDatabase lambda$findById$1
INFO: Found student/user: StudentRecord{id='TP005', firstName='Ahmed', lastName='Alvi', email='alvi@gmail.com', program='CYBERSECURITY', year='SECOND YEAR', role='STUDENT', username='alvi'}
Dec 11, 2025 5:36:38 PM crs.notification.data.StudentTextDatabase loadSimpleStudents
INFO: Loaded simple students from students.txt
Dec 11, 2025 5:36:38 PM crs.notification.data.StudentTextDatabase loadCsvStudents
INFO: Loaded CSV students from students-abood.txt
Dec 11, 2025 5:36:38 PM crs.notification.data.StudentTextDatabase loadLoginUsers
INFO: Loaded users from data/LOGIN.txt
Dec 11, 2025 5:36:38 PM crs.notification.data.StudentTextDatabase loadStudents
INFO: Loaded 109 records from text databases
Dec 11, 2025 5:36:38 PM crs.notification.data.StudentTextDatabase lambda$findById$1
INFO: Found student/user: StudentRecord{id='TP006', firstName='sultan', lastName='taco', email='taco@gmail.com', program='DATA ANALYTICS', year='SECOND YEAR', role='STUDENT', username='taco'}
Dec 11, 2025 5:36:43 PM crs.notification.data.StudentTextDatabase loadSimpleStudents
INFO: Loaded simple students from students.txt
Dec 11, 2025 5:36:43 PM crs.notification.data.StudentTextDatabase loadCsvStudents
INFO: Loaded CSV students from students-abood.txt
Dec 11, 2025 5:36:43 PM crs.notification.data.StudentTextDatabase loadLoginUsers
INFO: Loaded users from data/LOGIN.txt
Dec 11, 2025 5:36:43 PM crs.notification.data.StudentTextDatabase loadStudents
INFO: Loaded 109 records from text databases
Dec 11, 2025 5:36:43 PM crs.notification.data.StudentTextDatabase lambda$findById$1
INFO: Found student/user: StudentRecord{id='TP006', firstName='sultan', lastName='taco', email='taco@gmail.com', program='DATA ANALYTICS', year='SECOND YEAR', role='STUDENT', username='taco'}
Dec 11, 2025 5:36:43 PM crs.notification.NotificationManager log
INFO: Enrollment notification sent to taco@gmail.com
Dec 11, 2025 7:01:46 PM crs.notification.data.StudentTextDatabase loadSimpleStudents
INFO: Loaded simple students from students.txt
Dec 11, 2025 7:01:46 PM crs.notification.data.StudentTextDatabase loadCsvStudents
INFO: Loaded CSV students from students-abood.txt
Dec 11, 2025 7:01:46 PM crs.notification.data.StudentTextDatabase loadLoginUsers
INFO: Loaded users from data/LOGIN.txt
Dec 11, 2025 7:01:46 PM crs.notification.data.StudentTextDatabase loadStudents
INFO: Loaded 109 records from text databases
Dec 11, 2025 7:01:46 PM crs.notification.data.StudentTextDatabase lambda$2
INFO: Found student/user: StudentRecord{id='TP005', firstName='Ahmed', lastName='Alvi', email='alvi@gmail.com', program='CYBERSECURITY', year='SECOND YEAR', role='STUDENT', username='alvi'}
Dec 11, 2025 7:01:51 PM crs.notification.data.StudentTextDatabase loadSimpleStudents
INFO: Loaded simple students from students.txt
Dec 11, 2025 7:01:51 PM crs.notification.data.StudentTextDatabase loadCsvStudents
INFO: Loaded CSV students from students-abood.txt
Dec 11, 2025 7:01:51 PM crs.notification.data.StudentTextDatabase loadLoginUsers
INFO: Loaded users from data/LOGIN.txt
Dec 11, 2025 7:01:51 PM crs.notification.data.StudentTextDatabase loadStudents
INFO: Loaded 109 records from text databases
Dec 11, 2025 7:01:51 PM crs.notification.data.StudentTextDatabase lambda$2
INFO: Found student/user: StudentRecord{id='TP005', firstName='Ahmed', lastName='Alvi', email='alvi@gmail.com', program='CYBERSECURITY', year='SECOND YEAR', role='STUDENT', username='alvi'}
Dec 11, 2025 7:01:51 PM crs.notification.NotificationManager log
INFO: Password reset sent to alvi@gmail.com
Dec 11, 2025 7:03:16 PM crs.notification.data.StudentTextDatabase loadSimpleStudents
INFO: Loaded simple students from students.txt
Dec 11, 2025 7:03:16 PM crs.notification.data.StudentTextDatabase loadCsvStudents
INFO: Loaded CSV students from students-abood.txt
Dec 11, 2025 7:03:16 PM crs.notification.data.StudentTextDatabase loadLoginUsers
INFO: Loaded users from data/LOGIN.txt
Dec 11, 2025 7:03:16 PM crs.notification.data.StudentTextDatabase loadStudents
INFO: Loaded 109 records from text databases
Dec 11, 2025 7:03:16 PM crs.notification.data.StudentTextDatabase lambda$2
INFO: Found student/user: StudentRecord{id='TP005', firstName='Ahmed', lastName='Alvi', email='alvi@gmail.com', program='CYBERSECURITY', year='SECOND YEAR', role='STUDENT', username='alvi'}
Dec 11, 2025 7:03:16 PM crs.notification.NotificationManager log
INFO: Academic report sent to alvi@gmail.com
Dec 11, 2025 7:44:16 PM crs.notification.data.StudentTextDatabase loadSimpleStudents
INFO: Loaded simple students from students.txt
Dec 11, 2025 7:44:16 PM crs.notification.data.StudentTextDatabase loadCsvStudents
INFO: Loaded CSV students from students-abood.txt
Dec 11, 2025 7:44:16 PM crs.notification.data.StudentTextDatabase loadLoginUsers
INFO: Loaded users from data/LOGIN.txt
Dec 11, 2025 7:44:16 PM crs.notification.data.StudentTextDatabase loadStudents
INFO: Loaded 109 records from text databases
Dec 11, 2025 7:44:16 PM crs.notification.data.StudentTextDatabase lambda$2
INFO: Found student/user: StudentRecord{id='TP005', firstName='Ahmed', lastName='Alvi', email='alvi@gmail.com', program='CYBERSECURITY', year='SECOND YEAR', role='STUDENT', username='alvi'}
Dec 11, 2025 8:45:59 PM crs.notification.data.StudentTextDatabase loadSimpleStudents
INFO: Loaded simple students from students.txt
Dec 11, 2025 8:45:59 PM crs.notification.data.StudentTextDatabase loadCsvStudents
INFO: Loaded CSV students from students-abood.txt
Dec 11, 2025 8:45:59 PM crs.notification.data.StudentTextDatabase loadLoginUsers
INFO: Loaded users from data/LOGIN.txt
Dec 11, 2025 8:45:59 PM crs.notification.data.StudentTextDatabase loadStudents
INFO: Loaded 109 records from text databases
Dec 11, 2025 8:45:59 PM crs.notification.data.StudentTextDatabase lambda$2
INFO: Found student/user: StudentRecord{id='TP008', firstName='Sazid R', lastName='Khan', email='sazidrkhan@bongkus.srk', program='1785cfc3bc6ac7738e8b38cdccd1af12563c2b9070e07af336a1bf8c0f772b6a', year='null', role='ADMIN', username='sazidrkhan'}
Dec 11, 2025 8:45:59 PM crs.notification.NotificationManager log
INFO: Account notification sent to sazidrkhan@bongkus.srk
Dec 11, 2025 8:49:30 PM crs.notification.data.StudentTextDatabase loadSimpleStudents
INFO: Loaded simple students from students.txt
Dec 11, 2025 8:49:30 PM crs.notification.data.StudentTextDatabase loadCsvStudents
INFO: Loaded CSV students from students-abood.txt
Dec 11, 2025 8:49:30 PM crs.notification.data.StudentTextDatabase loadLoginUsers
INFO: Loaded users from data/LOGIN.txt
Dec 11, 2025 8:49:30 PM crs.notification.data.StudentTextDatabase loadStudents
INFO: Loaded 110 records from text databases
Dec 11, 2025 8:49:30 PM crs.notification.data.StudentTextDatabase lambda$2
INFO: Found student/user: StudentRecord{id='TP009', firstName='Mahrus', lastName='Ahsan', email='msa@gamil.com', program='04fef4a7323d2fcbada6391889ce7e6249e0cb110a2f392dfde5d430c348c3e9', year='null', role='ADMIN', username='msa'}
Dec 11, 2025 8:49:30 PM crs.notification.NotificationManager log
INFO: Account notification sent to msa@gamil.com
Dec 12, 2025 7:40:05 PM crs.notification.data.StudentTextDatabase loadSimpleStudents
INFO: Loaded simple students from students.txt
Dec 12, 2025 7:40:05 PM crs.notification.data.StudentTextDatabase loadCsvStudents
INFO: Loaded CSV students from students-abood.txt
Dec 12, 2025 7:40:05 PM crs.notification.data.StudentTextDatabase loadLoginUsers
INFO: Loaded users from data/LOGIN.txt
Dec 12, 2025 7:40:05 PM crs.notification.data.StudentTextDatabase loadStudents
INFO: Loaded 111 records from text databases
Dec 12, 2025 7:40:05 PM crs.notification.data.StudentTextDatabase lambda$2
INFO: Found student/user: StudentRecord{id='TP010', firstName='Meesum', lastName='Ahmed', email='null@email.com', program='', year='FIRST YEAR', role='ADMIN', username='meesum'}
Dec 12, 2025 7:41:52 PM crs.notification.data.StudentTextDatabase loadSimpleStudents
INFO: Loaded simple students from students.txt
Dec 12, 2025 7:41:52 PM crs.notification.data.StudentTextDatabase loadCsvStudents
INFO: Loaded CSV students from students-abood.txt
Dec 12, 2025 7:41:52 PM crs.notification.data.StudentTextDatabase loadLoginUsers
INFO: Loaded users from data/LOGIN.txt
Dec 12, 2025 7:41:52 PM crs.notification.data.StudentTextDatabase loadStudents
INFO: Loaded 111 records from text databases
Dec 12, 2025 7:41:52 PM crs.notification.data.StudentTextDatabase lambda$2
INFO: Found student/user: StudentRecord{id='TP010', firstName='Meesum', lastName='Ahmed', email='null@email.com', program='', year='FIRST YEAR', role='ADMIN', username='meesum'}
Dec 12, 2025 7:41:52 PM crs.notification.NotificationManager log
INFO: Account notification sent to null@email.com
Dec 12, 2025 7:45:02 PM crs.notification.data.StudentTextDatabase loadSimpleStudents
INFO: Loaded simple students from students.txt
Dec 12, 2025 7:45:02 PM crs.notification.data.StudentTextDatabase loadCsvStudents
INFO: Loaded CSV students from students-abood.txt
Dec 12, 2025 7:45:02 PM crs.notification.data.StudentTextDatabase loadLoginUsers
INFO: Loaded users from data/LOGIN.txt
Dec 12, 2025 7:45:02 PM crs.notification.data.StudentTextDatabase loadStudents
INFO: Loaded 111 records from text databases
Dec 12, 2025 7:45:02 PM crs.notification.data.StudentTextDatabase findById
WARNING: Student/user not found for id: meesum
Dec 12, 2025 8:36:54 PM crs.notification.data.StudentTextDatabase loadSimpleStudents
INFO: Loaded simple students from students.txt
Dec 12, 2025 8:36:54 PM crs.notification.data.StudentTextDatabase loadCsvStudents
INFO: Loaded CSV students from students-abood.txt
Dec 12, 2025 8:36:54 PM crs.notification.data.StudentTextDatabase loadLoginUsers
INFO: Loaded users from data/LOGIN.txt
Dec 12, 2025 8:36:54 PM crs.notification.data.StudentTextDatabase loadStudents
INFO: Loaded 111 records from text databases
Dec 12, 2025 8:36:54 PM crs.notification.data.StudentTextDatabase findById
WARNING: Student/user not found for id: sazidrkhan
Dec 12, 2025 8:37:26 PM crs.notification.data.StudentTextDatabase loadSimpleStudents
INFO: Loaded simple students from students.txt
Dec 12, 2025 8:37:26 PM crs.notification.data.StudentTextDatabase loadCsvStudents
INFO: Loaded CSV students from students-abood.txt
Dec 12, 2025 8:37:26 PM crs.notification.data.StudentTextDatabase loadLoginUsers
INFO: Loaded users from data/LOGIN.txt
Dec 12, 2025 8:37:26 PM crs.notification.data.StudentTextDatabase loadStudents
INFO: Loaded 111 records from text databases
Dec 12, 2025 8:37:26 PM crs.notification.data.StudentTextDatabase findById
WARNING: Student/user not found for id: sazidrkhan
Dec 13, 2025 2:25:23 AM crs.notification.data.StudentTextDatabase loadSimpleStudents
INFO: Loaded simple students from students.txt
Dec 13, 2025 2:25:23 AM crs.notification.data.StudentTextDatabase loadCsvStudents
INFO: Loaded CSV students from students-abood.txt
Dec 13, 2025 2:25:23 AM crs.notification.data.StudentTextDatabase loadLoginUsers
INFO: Loaded users from data/LOGIN.txt
Dec 13, 2025 2:25:23 AM crs.notification.data.StudentTextDatabase loadStudents
INFO: Loaded 111 records from text databases
Dec 13, 2025 2:25:23 AM crs.notification.data.StudentTextDatabase lambda$2
INFO: Found student/user: StudentRecord{id='TP008', firstName='Sazid R', lastName='Khan', email='sazidrkhan@bongkus.srk', program='1785cfc3bc6ac7738e8b38cdccd1af12563c2b9070e07af336a1bf8c0f772b6a', year='null', role='ADMIN', username='sazidrkhan'}
Dec 13, 2025 2:25:23 AM crs.notification.NotificationManager log
INFO: Password reset sent to sazidrkhan@bongkus.srk
Dec 13, 2025 2:26:51 AM crs.notification.data.StudentTextDatabase loadSimpleStudents
INFO: Loaded simple students from students.txt
Dec 13, 2025 2:26:51 AM crs.notification.data.StudentTextDatabase loadCsvStudents
INFO: Loaded CSV students from students-abood.txt
Dec 13, 2025 2:26:51 AM crs.notification.data.StudentTextDatabase loadLoginUsers
INFO: Loaded users from data/LOGIN.txt
Dec 13, 2025 2:26:51 AM crs.notification.data.StudentTextDatabase loadStudents
INFO: Loaded 111 records from text databases
Dec 13, 2025 2:26:51 AM crs.notification.data.StudentTextDatabase lambda$2
INFO: Found student/user: StudentRecord{id='TP008', firstName='Sazid R', lastName='Khan', email='sazidrkhan@bongkus.srk', program='1785cfc3bc6ac7738e8b38cdccd1af12563c2b9070e07af336a1bf8c0f772b6a', year='null', role='ADMIN', username='sazidrkhan'}
Dec 13, 2025 2:26:51 AM crs.notification.NotificationManager log
INFO: Password reset sent to sazidrkhan@bongkus.srk
Dec 13, 2025 2:27:03 AM crs.notification.data.StudentTextDatabase loadSimpleStudents
INFO: Loaded simple students from students.txt
Dec 13, 2025 2:27:03 AM crs.notification.data.StudentTextDatabase loadCsvStudents
INFO: Loaded CSV students from students-abood.txt
Dec 13, 2025 2:27:03 AM crs.notification.data.StudentTextDatabase loadLoginUsers
INFO: Loaded users from data/LOGIN.txt
Dec 13, 2025 2:27:03 AM crs.notification.data.StudentTextDatabase loadStudents
INFO: Loaded 111 records from text databases
Dec 13, 2025 2:27:03 AM crs.notification.data.StudentTextDatabase findById
WARNING: Student/user not found for id: sazidrkhan
Dec 13, 2025 2:27:03 AM crs.notification.data.StudentTextDatabase loadSimpleStudents
INFO: Loaded simple students from students.txt
Dec 13, 2025 2:27:03 AM crs.notification.data.StudentTextDatabase loadCsvStudents
INFO: Loaded CSV students from students-abood.txt
Dec 13, 2025 2:27:03 AM crs.notification.data.StudentTextDatabase loadLoginUsers
INFO: Loaded users from data/LOGIN.txt
Dec 13, 2025 2:27:03 AM crs.notification.data.StudentTextDatabase loadStudents
INFO: Loaded 111 records from text databases
Dec 13, 2025 2:27:03 AM crs.notification.data.StudentTextDatabase findById
WARNING: Student/user not found for id: sazidrkhan
Dec 13, 2025 2:36:22 AM crs.notification.data.StudentTextDatabase loadSimpleStudents
INFO: Loaded simple students from students.txt
Dec 13, 2025 2:36:22 AM crs.notification.data.StudentTextDatabase loadCsvStudents
INFO: Loaded CSV students from students-abood.txt
Dec 13, 2025 2:36:22 AM crs.notification.data.StudentTextDatabase loadLoginUsers
INFO: Loaded users from data/LOGIN.txt
Dec 13, 2025 2:36:22 AM crs.notification.data.StudentTextDatabase loadStudents
INFO: Loaded 111 records from text databases
Dec 13, 2025 2:36:22 AM crs.notification.data.StudentTextDatabase lambda$6
INFO: Found student/user by username: StudentRecord{id='TP008', firstName='Sazid R', lastName='Khan', email='sazidrkhan@bongkus.srk', program='1785cfc3bc6ac7738e8b38cdccd1af12563c2b9070e07af336a1bf8c0f772b6a', year='null', role='ADMIN', username='sazidrkhan'}
Dec 13, 2025 2:36:22 AM crs.notification.NotificationManager log
INFO: Password reset sent to sazidrkhan@bongkus.srk
Dec 13, 2025 4:20:18 AM crs.notification.data.StudentTextDatabase loadSimpleStudents
INFO: Loaded simple students from students.txt
Dec 13, 2025 4:20:18 AM crs.notification.data.StudentTextDatabase loadCsvStudents
INFO: Loaded CSV students from students-abood.txt
Dec 13, 2025 4:20:18 AM crs.notification.data.StudentTextDatabase loadLoginUsers
INFO: Loaded users from data/LOGIN.txt
Dec 13, 2025 4:20:18 AM crs.notification.data.StudentTextDatabase loadStudents
INFO: Loaded 111 records from text databases
Dec 13, 2025 4:20:18 AM crs.notification.data.StudentTextDatabase lambda$findById$1
INFO: Found student/user: StudentRecord{id='S003', firstName='Ivan', lastName='Wilson', email='ivan.wilson@university.edu', program='Mathematics', year='Senior', role='STUDENT', username='null'}
Dec 13, 2025 4:20:19 AM crs.notification.NotificationManager log
INFO: Enrollment notification sent to ivan.wilson@university.edu
Dec 13, 2025 4:23:22 AM crs.notification.data.StudentTextDatabase loadSimpleStudents
INFO: Loaded simple students from students.txt
Dec 13, 2025 4:23:22 AM crs.notification.data.StudentTextDatabase loadCsvStudents
INFO: Loaded CSV students from students-abood.txt
Dec 13, 2025 4:23:22 AM crs.notification.data.StudentTextDatabase loadLoginUsers
INFO: Loaded users from data/LOGIN.txt
Dec 13, 2025 4:23:22 AM crs.notification.data.StudentTextDatabase loadStudents
INFO: Loaded 111 records from text databases
Dec 13, 2025 4:23:22 AM crs.notification.data.StudentTextDatabase lambda$findById$1
INFO: Found student/user: StudentRecord{id='S003', firstName='Ivan', lastName='Wilson', email='ivan.wilson@university.edu', program='Mathematics', year='Senior', role='STUDENT', username='null'}
Dec 13, 2025 4:23:22 AM crs.notification.NotificationManager log
INFO: Enrollment notification sent to ivan.wilson@university.edu
Dec 13, 2025 5:08:33 AM crs.notification.data.StudentTextDatabase loadSimpleStudents
INFO: Loaded simple students from students.txt
Dec 13, 2025 5:08:33 AM crs.notification.data.StudentTextDatabase loadCsvStudents
INFO: Loaded CSV students from students-abood.txt
Dec 13, 2025 5:08:33 AM crs.notification.data.StudentTextDatabase loadLoginUsers
INFO: Loaded users from data/LOGIN.txt
Dec 13, 2025 5:08:33 AM crs.notification.data.StudentTextDatabase loadStudents
INFO: Loaded 111 records from text databases
Dec 13, 2025 5:08:33 AM crs.notification.data.StudentTextDatabase lambda$findById$1
INFO: Found student/user: StudentRecord{id='S007', firstName='Oscar', lastName='Smith', email='oscar.smith@university.edu', program='Philosophy', year='Sophomore', role='STUDENT', username='null'}
Dec 13, 2025 5:08:34 AM crs.notification.NotificationManager log
INFO: Enrollment notification sent to oscar.smith@university.edu
Dec 13, 2025 5:09:20 AM crs.notification.data.StudentTextDatabase loadSimpleStudents
INFO: Loaded simple students from students.txt
Dec 13, 2025 5:09:20 AM crs.notification.data.StudentTextDatabase loadCsvStudents
INFO: Loaded CSV students from students-abood.txt
Dec 13, 2025 5:09:20 AM crs.notification.data.StudentTextDatabase loadLoginUsers
INFO: Loaded users from data/LOGIN.txt
Dec 13, 2025 5:09:20 AM crs.notification.data.StudentTextDatabase loadStudents
INFO: Loaded 111 records from text databases
Dec 13, 2025 5:09:20 AM crs.notification.data.StudentTextDatabase lambda$findById$1
INFO: Found student/user: StudentRecord{id='S001', firstName='Fiona', lastName='Smith', email='fiona.smith@university.edu', program='Computer Science', year='Senior', role='STUDENT', username='null'}
Dec 13, 2025 5:09:20 AM crs.notification.NotificationManager log
INFO: Enrollment notification sent to fiona.smith@university.edu
Dec 13, 2025 5:11:11 AM crs.notification.data.StudentTextDatabase loadSimpleStudents
INFO: Loaded simple students from students.txt
Dec 13, 2025 5:11:11 AM crs.notification.data.StudentTextDatabase loadCsvStudents
INFO: Loaded CSV students from students-abood.txt
Dec 13, 2025 5:11:11 AM crs.notification.data.StudentTextDatabase loadLoginUsers
INFO: Loaded users from data/LOGIN.txt
Dec 13, 2025 5:11:11 AM crs.notification.data.StudentTextDatabase loadStudents
INFO: Loaded 111 records from text databases
Dec 13, 2025 5:11:11 AM crs.notification.data.StudentTextDatabase lambda$findById$1
INFO: Found student/user: StudentRecord{id='S098', firstName='Quinn', lastName='Johnson', email='quinn.johnson@university.edu', program='Literature', year='Freshman', role='STUDENT', username='null'}
Dec 13, 2025 5:11:50 AM crs.notification.NotificationManager log
INFO: Manual email sent to quinn.johnson@university.edu
Dec 13, 2025 5:12:39 AM crs.notification.data.StudentTextDatabase loadSimpleStudents
INFO: Loaded simple students from students.txt
Dec 13, 2025 5:12:39 AM crs.notification.data.StudentTextDatabase loadCsvStudents
INFO: Loaded CSV students from students-abood.txt
Dec 13, 2025 5:12:39 AM crs.notification.data.StudentTextDatabase loadLoginUsers
INFO: Loaded users from data/LOGIN.txt
Dec 13, 2025 5:12:39 AM crs.notification.data.StudentTextDatabase loadStudents
INFO: Loaded 111 records from text databases
Dec 13, 2025 5:12:39 AM crs.notification.data.StudentTextDatabase findById
WARNING: Student/user not found for id: TP098
Dec 13, 2025 5:12:43 AM crs.notification.data.StudentTextDatabase loadSimpleStudents
INFO: Loaded simple students from students.txt
Dec 13, 2025 5:12:43 AM crs.notification.data.StudentTextDatabase loadCsvStudents
INFO: Loaded CSV students from students-abood.txt
Dec 13, 2025 5:12:43 AM crs.notification.data.StudentTextDatabase loadLoginUsers
INFO: Loaded users from data/LOGIN.txt
Dec 13, 2025 5:12:43 AM crs.notification.data.StudentTextDatabase loadStudents
INFO: Loaded 111 records from text databases
Dec 13, 2025 5:12:43 AM crs.notification.data.StudentTextDatabase lambda$findById$1
INFO: Found student/user: StudentRecord{id='TP009', firstName='Mahrus', lastName='Ahsan', email='msa@gamil.com', program='04fef4a7323d2fcbada6391889ce7e6249e0cb110a2f392dfde5d430c348c3e9', year='null', role='ADMIN', username='msa'}
Dec 13, 2025 5:16:36 AM crs.notification.data.StudentTextDatabase loadSimpleStudents
INFO: Loaded simple students from students.txt
Dec 13, 2025 5:16:36 AM crs.notification.data.StudentTextDatabase loadCsvStudents
INFO: Loaded CSV students from students-abood.txt
Dec 13, 2025 5:16:36 AM crs.notification.data.StudentTextDatabase loadLoginUsers
INFO: Loaded users from data/LOGIN.txt
Dec 13, 2025 5:16:36 AM crs.notification.data.StudentTextDatabase loadStudents
INFO: Loaded 112 records from text databases
Dec 13, 2025 5:16:36 AM crs.notification.data.StudentTextDatabase lambda$findById$1
INFO: Found student/user: StudentRecord{id='TP011', firstName='Sazid', lastName='Khan', email='sazidrkhan@mail.com.srk', program='1785cfc3bc6ac7738e8b38cdccd1af12563c2b9070e07af336a1bf8c0f772b6a', year='null', role='ACADEMIC OFFICER', username='srk'}
Dec 13, 2025 5:16:36 AM crs.notification.NotificationManager log
INFO: Account notification sent to sazidrkhan@mail.com.srk
Dec 13, 2025 5:40:13 AM crs.notification.data.StudentTextDatabase loadSimpleStudents
INFO: Loaded simple students from students.txt
Dec 13, 2025 5:40:13 AM crs.notification.data.StudentTextDatabase loadCsvStudents
INFO: Loaded CSV students from students-abood.txt
Dec 13, 2025 5:40:13 AM crs.notification.data.StudentTextDatabase loadLoginUsers
INFO: Loaded users from data/LOGIN.txt
Dec 13, 2025 5:40:13 AM crs.notification.data.StudentTextDatabase ensureLoaded
INFO: Loaded 112 records from text databases
Dec 13, 2025 5:40:13 AM crs.notification.data.StudentTextDatabase lambda$findById$1
INFO: Found student/user: StudentRecord{id='S098', firstName='Quinn', lastName='Johnson', email='quinn.johnson@university.edu', program='Literature', year='Freshman', role='STUDENT', username='null'}
Dec 13, 2025 5:40:19 AM crs.notification.data.StudentTextDatabase lambda$findById$1
INFO: Found student/user: StudentRecord{id='TP009', firstName='Mahrus', lastName='Ahsan', email='msa@gamil.com', program='04fef4a7323d2fcbada6391889ce7e6249e0cb110a2f392dfde5d430c348c3e9', year='null', role='ADMIN', username='msa'}
Dec 13, 2025 5:40:29 AM crs.notification.data.StudentTextDatabase lambda$findById$1
INFO: Found student/user: StudentRecord{id='TP008', firstName='Sazid R', lastName='Khan', email='sazidrkhan@bongkus.srk', program='1785cfc3bc6ac7738e8b38cdccd1af12563c2b9070e07af336a1bf8c0f772b6a', year='null', role='ADMIN', username='sazidrkhan'}
Dec 13, 2025 5:41:37 AM crs.notification.NotificationManager log
INFO: Manual email sent to sazidrkhan@bongkus.srk
Dec 13, 2025 5:58:32 AM crs.notification.data.StudentTextDatabase loadSimpleStudents
INFO: Loaded simple students from students.txt
Dec 13, 2025 5:58:32 AM crs.notification.data.StudentTextDatabase loadCsvStudents
INFO: Loaded CSV students from students-abood.txt
Dec 13, 2025 5:58:32 AM crs.notification.data.StudentTextDatabase loadLoginUsers
INFO: Loaded users from data/LOGIN.txt
Dec 13, 2025 5:58:32 AM crs.notification.data.StudentTextDatabase ensureLoaded
INFO: Loaded 112 records from text databases
Dec 13, 2025 5:58:32 AM crs.notification.data.StudentTextDatabase lambda$findByUsername$1
INFO: Found student/user by username: StudentRecord{id='TP008', firstName='Sazid R', lastName='Khan', email='sazidrkhan@bongkus.srk', program='1785cfc3bc6ac7738e8b38cdccd1af12563c2b9070e07af336a1bf8c0f772b6a', year='null', role='ADMIN', username='sazidrkhan'}
Dec 13, 2025 5:58:32 AM crs.notification.NotificationManager log
INFO: Password reset sent to sazidrkhan@bongkus.srk
Dec 13, 2025 6:00:30 AM crs.notification.data.StudentTextDatabase loadSimpleStudents
INFO: Loaded simple students from students.txt
Dec 13, 2025 6:00:30 AM crs.notification.data.StudentTextDatabase loadCsvStudents
INFO: Loaded CSV students from students-abood.txt
Dec 13, 2025 6:00:30 AM crs.notification.data.StudentTextDatabase loadLoginUsers
INFO: Loaded users from data/LOGIN.txt
Dec 13, 2025 6:00:30 AM crs.notification.data.StudentTextDatabase ensureLoaded
INFO: Loaded 112 records from text databases
Dec 13, 2025 6:00:30 AM crs.notification.data.StudentTextDatabase lambda$findById$1
INFO: Found student/user: StudentRecord{id='S003', firstName='Ivan', lastName='Wilson', email='ivan.wilson@university.edu', program='Mathematics', year='Senior', role='STUDENT', username='null'}
Dec 13, 2025 6:00:30 AM crs.notification.NotificationManager log
INFO: Enrollment notification sent to ivan.wilson@university.edu
Dec 13, 2025 4:03:16 PM crs.notification.data.StudentTextDatabase loadLoginUsers
INFO: Loaded users from data/LOGIN.txt
Dec 13, 2025 4:03:16 PM crs.notification.data.StudentTextDatabase ensureLoaded
INFO: Loaded 15 records from text databases
Dec 13, 2025 4:03:16 PM crs.notification.data.StudentTextDatabase findById
WARNING: Student/user not found for id: TP098
Dec 13, 2025 4:03:24 PM crs.notification.data.StudentTextDatabase findById
WARNING: Student/user not found for id: S098
Dec 13, 2025 4:03:31 PM crs.notification.data.StudentTextDatabase lambda$findById$1
INFO: Found student/user: StudentRecord{id='TP008', firstName='Ahmed', lastName='Alvi', email='mira@gmail.com', program='ARTIFICIAL INTELIGENCE', year='SECOND YEAR', role='STUDENT', username='mira'}
Dec 13, 2025 4:03:38 PM crs.notification.data.StudentTextDatabase lambda$findById$1
INFO: Found student/user: StudentRecord{id='TP008', firstName='Ahmed', lastName='Alvi', email='mira@gmail.com', program='ARTIFICIAL INTELIGENCE', year='SECOND YEAR', role='STUDENT', username='mira'}
Dec 13, 2025 4:05:31 PM crs.notification.NotificationManager log
INFO: Manual email sent to mira@gmail.com
Dec 13, 2025 4:07:18 PM crs.notification.data.StudentTextDatabase loadLoginUsers
INFO: Loaded users from data/LOGIN.txt
Dec 13, 2025 4:07:18 PM crs.notification.data.StudentTextDatabase ensureLoaded
INFO: Loaded 16 records from text databases
Dec 13, 2025 4:07:18 PM crs.notification.data.StudentTextDatabase lambda$findById$1
INFO: Found student/user: StudentRecord{id='TP019', firstName='Sazid', lastName='Khan', email='sazidrkhan@bongkus.com', program='1785cfc3bc6ac7738e8b38cdccd1af12563c2b9070e07af336a1bf8c0f772b6a', year='null', role='ADMIN', username='sazidrkhan'}
Dec 13, 2025 4:07:18 PM crs.notification.NotificationManager log
INFO: Account notification sent to sazidrkhan@bongkus.com
Dec 13, 2025 4:14:23 PM crs.notification.data.StudentTextDatabase loadLoginUsers
INFO: Loaded users from data/LOGIN.txt
Dec 13, 2025 4:14:23 PM crs.notification.data.StudentTextDatabase ensureLoaded
INFO: Loaded 17 records from text databases
Dec 13, 2025 4:14:23 PM crs.notification.data.StudentTextDatabase lambda$findById$1
INFO: Found student/user: StudentRecord{id='TP020', firstName='Sazid', lastName='Khan', email='srk@bongkus.com', program='1785cfc3bc6ac7738e8b38cdccd1af12563c2b9070e07af336a1bf8c0f772b6a', year='null', role='ACADEMIC OFFICER', username='srk'}
Dec 13, 2025 4:14:24 PM crs.notification.NotificationManager log
INFO: Account notification sent to srk@bongkus.com
Dec 13, 2025 4:41:50 PM crs.notification.data.StudentTextDatabase loadLoginUsers
INFO: Loaded users from data/LOGIN.txt
Dec 13, 2025 4:41:50 PM crs.notification.data.StudentTextDatabase ensureLoaded
INFO: Loaded 17 records from text databases
Dec 13, 2025 4:41:50 PM crs.notification.data.StudentTextDatabase lambda$findById$1
INFO: Found student/user: StudentRecord{id='TP020', firstName='Sazid R', lastName='Khan', email='srk@bongkus.com', program='NULL', year='null', role='ACADEMIC OFFICER', username='srk'}
Dec 13, 2025 4:41:50 PM crs.notification.NotificationManager log
INFO: Details update notification sent to srk@bongkus.com
Dec 13, 2025 4:50:00 PM crs.notification.data.StudentTextDatabase loadLoginUsers
INFO: Loaded users from data/LOGIN.txt
Dec 13, 2025 4:50:00 PM crs.notification.data.StudentTextDatabase ensureLoaded
INFO: Loaded 16 records from text databases
Dec 13, 2025 4:50:00 PM crs.notification.data.StudentTextDatabase lambda$findById$1
INFO: Found student/user: StudentRecord{id='TP019', firstName='Sazid', lastName='Khan', email='sazidrkhan@bongkus.com', program='1785cfc3bc6ac7738e8b38cdccd1af12563c2b9070e07af336a1bf8c0f772b6a', year='null', role='ADMIN', username='sazidrkhan'}
Dec 13, 2025 4:50:00 PM crs.notification.NotificationManager log
INFO: Account notification sent to sazidrkhan@bongkus.com
Dec 13, 2025 4:50:48 PM crs.notification.data.StudentTextDatabase loadLoginUsers
INFO: Loaded users from data/LOGIN.txt
Dec 13, 2025 4:50:48 PM crs.notification.data.StudentTextDatabase ensureLoaded
INFO: Loaded 17 records from text databases
Dec 13, 2025 4:50:48 PM crs.notification.data.StudentTextDatabase lambda$findById$1
INFO: Found student/user: StudentRecord{id='TP020', firstName='Sazid', lastName='Khan', email='srk@bongkus.com', program='1785cfc3bc6ac7738e8b38cdccd1af12563c2b9070e07af336a1bf8c0f772b6a', year='null', role='ACADEMIC OFFICER', username='srk'}
Dec 13, 2025 4:50:48 PM crs.notification.NotificationManager log
INFO: Account notification sent to srk@bongkus.com
Dec 13, 2025 4:51:23 PM crs.notification.data.StudentTextDatabase loadLoginUsers
INFO: Loaded users from data/LOGIN.txt
Dec 13, 2025 4:51:23 PM crs.notification.data.StudentTextDatabase ensureLoaded
INFO: Loaded 17 records from text databases
Dec 13, 2025 4:51:23 PM crs.notification.data.StudentTextDatabase lambda$findByUsername$1
INFO: Found student/user by username: StudentRecord{id='TP019', firstName='Sazid', lastName='Khan', email='sazidrkhan@bongkus.com', program='1785cfc3bc6ac7738e8b38cdccd1af12563c2b9070e07af336a1bf8c0f772b6a', year='null', role='ADMIN', username='sazidrkhan'}
Dec 13, 2025 4:51:23 PM crs.notification.NotificationManager log
INFO: Password reset sent to sazidrkhan@bongkus.com
Dec 13, 2025 5:24:53 PM crs.notification.data.StudentTextDatabase loadLoginUsers
INFO: Loaded users from data/LOGIN.txt
Dec 13, 2025 5:24:53 PM crs.notification.data.StudentTextDatabase ensureLoaded
INFO: Loaded 17 records from text databases
Dec 13, 2025 5:24:53 PM crs.notification.data.StudentTextDatabase lambda$findById$1
INFO: Found student/user: StudentRecord{id='TP018', firstName='joe', lastName='root', email='root@gmail.com', program='ARTIFICIAL INTELIGENCE', year='THIRD YEAR', role='STUDENT', username='root'}
Dec 13, 2025 5:24:53 PM crs.notification.NotificationManager log
INFO: Academic report sent to root@gmail.com
Dec 13, 2025 5:28:25 PM crs.notification.data.StudentTextDatabase loadLoginUsers
INFO: Loaded users from data/LOGIN.txt
Dec 13, 2025 5:28:25 PM crs.notification.data.StudentTextDatabase ensureLoaded
INFO: Loaded 17 records from text databases
Dec 13, 2025 5:28:25 PM crs.notification.data.StudentTextDatabase lambda$findById$1
INFO: Found student/user: StudentRecord{id='TP017', firstName='pat', lastName='cummins', email='patty@gmail.com', program='INTERNATIONAL RELATION', year='SECOND YEAR', role='STUDENT', username='patty'}
Dec 13, 2025 5:28:25 PM crs.notification.NotificationManager log
INFO: Academic report sent to patty@gmail.com
Dec 13, 2025 6:14:30 PM crs.notification.data.StudentTextDatabase loadLoginUsers
INFO: Loaded users from data/LOGIN.txt
Dec 13, 2025 6:14:30 PM crs.notification.data.StudentTextDatabase ensureLoaded
INFO: Loaded 17 records from text databases
Dec 13, 2025 6:14:30 PM crs.notification.data.StudentTextDatabase findById
WARNING: Student/user not found for id: TP005
Dec 13, 2025 6:17:05 PM crs.notification.data.StudentTextDatabase loadLoginUsers
INFO: Loaded users from data/LOGIN.txt
Dec 13, 2025 6:17:05 PM crs.notification.data.StudentTextDatabase ensureLoaded
INFO: Loaded 18 records from text databases
Dec 13, 2025 6:17:05 PM crs.notification.data.StudentTextDatabase lambda$findById$1
INFO: Found student/user: StudentRecord{id='TP021', firstName='nothign', lastName='asldkjf', email='ls@mail.com', program='CYBERSECURITY', year='FIRST YEAR', role='STUDENT', username='eve'}
Dec 13, 2025 6:17:05 PM crs.notification.NotificationManager log
INFO: Account notification sent to ls@mail.com
Dec 13, 2025 6:19:49 PM crs.notification.data.StudentTextDatabase loadLoginUsers
INFO: Loaded users from data/LOGIN.txt
Dec 13, 2025 6:19:49 PM crs.notification.data.StudentTextDatabase ensureLoaded
INFO: Loaded 18 records from text databases
Dec 13, 2025 6:19:49 PM crs.notification.data.StudentTextDatabase lambda$findById$1
INFO: Found student/user: StudentRecord{id='TP021', firstName='nothign', lastName='asldkjf', email='ls@mail.com', program='CYBERSECURITY', year='FIRST YEAR', role='STUDENT', username='eve'}
Dec 13, 2025 6:19:49 PM crs.notification.NotificationManager log
INFO: Recovery plan notification sent to ls@mail.com
Dec 13, 2025 6:25:15 PM crs.notification.data.StudentTextDatabase loadLoginUsers
INFO: Loaded users from data/LOGIN.txt
Dec 13, 2025 6:25:15 PM crs.notification.data.StudentTextDatabase ensureLoaded
INFO: Loaded 18 records from text databases
Dec 13, 2025 6:25:15 PM crs.notification.data.StudentTextDatabase lambda$findById$1
INFO: Found student/user: StudentRecord{id='TP021', firstName='nothign', lastName='asldkjf', email='ls@mail.com', program='CYBERSECURITY', year='FIRST YEAR', role='STUDENT', username='eve'}
Dec 13, 2025 6:25:15 PM crs.notification.NotificationManager log
INFO: Recovery plan notification sent to ls@mail.com
Dec 13, 2025 6:32:02 PM crs.notification.data.StudentTextDatabase loadLoginUsers
INFO: Loaded users from data/LOGIN.txt
Dec 13, 2025 6:32:02 PM crs.notification.data.StudentTextDatabase ensureLoaded
INFO: Loaded 18 records from text databases
Dec 13, 2025 6:32:02 PM crs.notification.data.StudentTextDatabase lambda$findById$1
INFO: Found student/user: StudentRecord{id='TP021', firstName='nothign', lastName='asldkjf', email='ls@mail.com', program='CYBERSECURITY', year='FIRST YEAR', role='STUDENT', username='eve'}
Dec 13, 2025 6:32:02 PM crs.notification.NotificationManager log
INFO: Academic report sent to ls@mail.com
Dec 13, 2025 6:48:29 PM crs.notification.data.StudentTextDatabase loadLoginUsers
INFO: Loaded users from data/LOGIN.txt
Dec 13, 2025 6:48:29 PM crs.notification.data.StudentTextDatabase ensureLoaded
INFO: Loaded 18 records from text databases
Dec 13, 2025 6:48:29 PM crs.notification.data.StudentTextDatabase lambda$findById$1
INFO: Found student/user: StudentRecord{id='TP018', firstName='joe', lastName='root', email='root@gmail.com', program='ARTIFICIAL INTELIGENCE', year='THIRD YEAR', role='STUDENT', username='root'}
Dec 13, 2025 6:48:29 PM crs.notification.NotificationManager log
INFO: Enrollment notification sent to root@gmail.com
Dec 13, 2025 6:52:04 PM crs.notification.data.StudentTextDatabase loadLoginUsers
INFO: Loaded users from data/LOGIN.txt
Dec 13, 2025 6:52:04 PM crs.notification.data.StudentTextDatabase ensureLoaded
INFO: Loaded 18 records from text databases
Dec 13, 2025 6:52:04 PM crs.notification.data.StudentTextDatabase lambda$findByUsername$1
INFO: Found student/user by username: StudentRecord{id='TP019', firstName='Sazid', lastName='Khan', email='sazidrkhan@bongkus.com', program='1785cfc3bc6ac7738e8b38cdccd1af12563c2b9070e07af336a1bf8c0f772b6a', year='null', role='ADMIN', username='sazidrkhan'}
Dec 13, 2025 6:52:04 PM crs.notification.NotificationManager log
INFO: Password reset sent to sazidrkhan@bongkus.com
Dec 13, 2025 6:53:09 PM crs.notification.data.StudentTextDatabase loadLoginUsers
INFO: Loaded users from data/LOGIN.txt
Dec 13, 2025 6:53:09 PM crs.notification.data.StudentTextDatabase ensureLoaded
INFO: Loaded 18 records from text databases
Dec 13, 2025 6:53:09 PM crs.notification.data.StudentTextDatabase lambda$findById$1
INFO: Found student/user: StudentRecord{id='TP020', firstName='Sazid R', lastName='Khan', email='srk@bongkus.com', program='NULL', year='null', role='ACADEMIC OFFICER', username='srk'}
Dec 13, 2025 6:53:09 PM crs.notification.NotificationManager log
INFO: Details update notification sent to srk@bongkus.com
Dec 13, 2025 6:53:51 PM crs.notification.data.StudentTextDatabase loadLoginUsers
INFO: Loaded users from data/LOGIN.txt
Dec 13, 2025 6:53:51 PM crs.notification.data.StudentTextDatabase ensureLoaded
INFO: Loaded 19 records from text databases
Dec 13, 2025 6:53:51 PM crs.notification.data.StudentTextDatabase lambda$findById$1
INFO: Found student/user: StudentRecord{id='TP022', firstName='bongkus', lastName='blala', email='nothign@blablabla.com', program='CYBERSECURITY', year='FIRST YEAR', role='ADMIN', username='blablabla'}
Dec 13, 2025 6:53:51 PM crs.notification.NotificationManager log
INFO: Account notification sent to nothign@blablabla.com
Dec 13, 2025 7:25:20 PM crs.notification.data.StudentTextDatabase loadCsvStudents
INFO: Loaded CSV students from data/students-abood.txt
Dec 13, 2025 7:25:20 PM crs.notification.data.StudentTextDatabase loadLoginUsers
INFO: Loaded users from data/LOGIN.txt
Dec 13, 2025 7:25:20 PM crs.notification.data.StudentTextDatabase ensureLoaded
INFO: Loaded 19 records from text databases
Dec 13, 2025 7:25:20 PM crs.notification.data.StudentTextDatabase lambda$findById$1
INFO: Found student/user: StudentRecord{id='TP021', firstName='nothign', lastName='asldkjf', email='FIRST YEAR', program='CYBERSECURITY', year='Ethical Hacking;Digital Forensics;Network Security;Cryptography;Incident Response', role='STUDENT', username='eve'}
Dec 13, 2025 7:30:00 PM crs.notification.data.StudentTextDatabase loadCsvStudents
INFO: Loaded CSV students from data/students-abood.txt
Dec 13, 2025 7:30:00 PM crs.notification.data.StudentTextDatabase loadLoginUsers
INFO: Loaded users from data/LOGIN.txt
Dec 13, 2025 7:30:00 PM crs.notification.data.StudentTextDatabase ensureLoaded
INFO: Loaded 19 records from text databases
Dec 13, 2025 7:30:00 PM crs.notification.data.StudentTextDatabase lambda$findById$1
INFO: Found student/user: StudentRecord{id='TP021', firstName='nothign', lastName='asldkjf', email='ls@mail.com', program='CYBERSECURITY', year='FIRST YEAR', role='STUDENT', username='eve'}
Dec 13, 2025 7:30:20 PM crs.notification.NotificationManager log
INFO: Manual email sent to ls@mail.com
Dec 13, 2025 7:31:26 PM crs.notification.data.StudentTextDatabase loadCsvStudents
INFO: Loaded CSV students from data/students-abood.txt
Dec 13, 2025 7:31:26 PM crs.notification.data.StudentTextDatabase loadLoginUsers
INFO: Loaded users from data/LOGIN.txt
Dec 13, 2025 7:31:26 PM crs.notification.data.StudentTextDatabase ensureLoaded
INFO: Loaded 19 records from text databases
Dec 13, 2025 7:31:26 PM crs.notification.data.StudentTextDatabase lambda$findById$1
INFO: Found student/user: StudentRecord{id='TP021', firstName='nothign', lastName='asldkjf', email='ls@mail.com', program='CYBERSECURITY', year='FIRST YEAR', role='STUDENT', username='eve'}
Dec 13, 2025 7:31:26 PM crs.notification.NotificationManager log
INFO: Details update notification sent to ls@mail.com
Dec 13, 2025 8:56:02 PM crs.notification.data.StudentTextDatabase loadCsvStudents
INFO: Loaded CSV students from data/students-abood.txt
Dec 13, 2025 8:56:02 PM crs.notification.data.StudentTextDatabase loadLoginUsers
INFO: Loaded users from data/LOGIN.txt
Dec 13, 2025 8:56:02 PM crs.notification.data.StudentTextDatabase ensureLoaded
INFO: Loaded 20 records from text databases
Dec 13, 2025 8:56:02 PM crs.notification.data.StudentTextDatabase lambda$findById$1
INFO: Found student/user: StudentRecord{id='TP023', firstName='Nahiyan', lastName='Alam', email='nahiyan@gmail.com', program='CYBERSECURITY', year='FIRST YEAR', role='STUDENT', username='nahiyan'}
Dec 13, 2025 8:56:02 PM crs.notification.NotificationManager log
INFO: Account notification sent to nahiyan@gmail.com
Dec 13, 2025 9:27:27 PM crs.notification.data.StudentTextDatabase loadCsvStudents
INFO: Loaded CSV students from data/students-abood.txt
Dec 13, 2025 9:27:27 PM crs.notification.data.StudentTextDatabase loadLoginUsers
INFO: Loaded users from data/LOGIN.txt
Dec 13, 2025 9:27:27 PM crs.notification.data.StudentTextDatabase ensureLoaded
INFO: Loaded 20 records from text databases
Dec 13, 2025 9:27:27 PM crs.notification.data.StudentTextDatabase lambda$findById$1
INFO: Found student/user: StudentRecord{id='TP021', firstName='nothign', lastName='asldkjf', email='ls@mail.com', program='CYBERSECURITY', year='FIRST YEAR', role='STUDENT', username='eve'}
Dec 13, 2025 9:28:04 PM crs.notification.data.StudentTextDatabase lambda$findById$1
INFO: Found student/user: StudentRecord{id='TP021', firstName='nothign', lastName='asldkjf', email='ls@mail.com', program='CYBERSECURITY', year='FIRST YEAR', role='STUDENT', username='eve'}
Dec 13, 2025 9:28:32 PM crs.notification.data.StudentTextDatabase loadCsvStudents
INFO: Loaded CSV students from data/students-abood.txt
Dec 13, 2025 9:28:32 PM crs.notification.data.StudentTextDatabase loadLoginUsers
INFO: Loaded users from data/LOGIN.txt
Dec 13, 2025 9:28:32 PM crs.notification.data.StudentTextDatabase ensureLoaded
INFO: Loaded 20 records from text databases
Dec 13, 2025 9:28:32 PM crs.notification.data.StudentTextDatabase lambda$findById$1
INFO: Found student/user: StudentRecord{id='TP021', firstName='nothign', lastName='asldkjf', email='ls@mail.com', program='CYBERSECURITY', year='FIRST YEAR', role='STUDENT', username='eve'}
Dec 13, 2025 9:28:38 PM crs.notification.data.StudentTextDatabase lambda$findById$1
INFO: Found student/user: StudentRecord{id='TP008', firstName='Ahmed', lastName='Alvi', email='mira@gmail.com', program='ARTIFICIAL INTELIGENCE', year='SECOND YEAR', role='STUDENT', username='mira'}
